f39cceed8ede,{topost},net: hns3: Add support of .sriov_configure in HNS3 driver
787700f9790f Revert "{topost},net: hns3: add support for hns3_driver.sriov_configure"
f65b2e34d2c3,{topost},net: hns3: fix for led locate command
8612e22029df,{topost},net: hns3: remove unused led control codes
390616dea5d1,{topost},net: hns3: fix comments for hclge_get_ring_chain_from_mbx
b4e1fac705ef,{topost},net: hns3: fix for using wrong mask and shift in hclge_get_ring_chain_from_mbx
1e728432ce1b,{topost},net: hns3: fix for reset_level default assignment probelm
77aa3fe08a0e,{topost},net: hns3: remove unnecessary ring configuration operation while resetting
5113859c76be,{topost},net: hns3: clear RX rings when uninitializing client
7b64db823801,{topost},net: hns3: clear TX/RX rings when stopping port
61d230a937fc,{topost},net: hns3: remove unnecessary check when clearing TX/RX rings
0dae3c8d058f,{topost},net: hns3: reinitializing bd information when getting a new rx buffer
ef7f652ab0e3,{topost},net: hns3: add detail type to indicate the client initialization state
431253a4bdec,{topost},net: hns3: Fix for PF mailbox receving unknown message
892662c61ea5,{topost},net: hns3: fix return value error in hns3_reset_notify_down_enet
d6f029f0ebc4,{topost},net: hns3: separate roce from nic when resetting
130c23d2dc06,{topost},net: hns3: correct reset event status register
873a94879898,{topost},net: hns3: prevent to request reset frequently
367ff6070292,{topost},net: hns3: reset net device with rtnl_lock
7ec8bdbdba82,{topost},net: hns3: modify the order of initializeing command queue register
6ab28383aee5,{topost},net: hns3: prevent sending command during global or core reset
41770f8f06d3,{topost},net: hns3: Use roce handle when calling roce callback function
26ea1f656fdf,{topost},net: hns3: remove the warning when clear reset cause
f070bb32c74a,{topost},net: hns3: fix for vf loading/unloading probelm
20e7f42180fd,{topost},net: hns3: fix get_vector ops in hclgevf_main module
606225aa1450,{topost},net: hns3: fix warning bug when doing lp selftest
9c0b3076488e,{topost},net: hns3: Add configure for mac minimal frame size
5b65b09a90b2,{topost},net: hns3: fix for mailbox message truncated problem
15f3406ed61a,{topost},net: hns3: fix for l4 checksum offload bug
bad8c287cb21,{topost},net: hns3: fix kernel panic issue during rmmod hns3
8d384a2313b4,{topost},net: hns3: fix for waterline not setting correctly
5bed2d15e22b,{topost},net: hns3: fix for mac pause not disable in pfc mode
52dde189598a,{topost},net: hns3: fix tc setup when netdev is first up
9419abcedbac,{topost},net: hns3: Add TX_QUEUE_TC cmd support in TM module
1471ac45e810,{topost},net: hns3: Fix for hns3 module is loaded multiple times problem
365896c02b97,{topost},net: hns3: fix for registering client problem
7c26d57dbd4d,{topost},net: hns3: Add calling roce callback function when link status change
1661727e56e0,{topost},net: hns3: optimize the process of notifying roce client
c41a656ad1b4,{topost},net: hns3: fix for information of phydev lost problem when down/up
2450f33f2e17,{topost},net: hns3: Add SPDX tags to hns3 driver
359b20a7bebf,{topost},net: hns3: remove unused struct member and definition
cc32649d2870,{topost},net: hns3: fix mislead parameter name
c6b2d5ded642,{topost},net: hns3: modify inconsistent bit mask macros
735019f7bfb0,{topost},net: hns3: use decimal for bit offset macros
b1c141854d0e,{topost},net: hns3: fix unreasonable code comments
550109638e24,{topost},net: hns3: remove extra space and brackets
ce384d2dd981,{topost},net: hns3: remove the useless cleanup of hclge_init_client_instance()
093d23d74748,{topost},net: hns3: standardize the handle of return value
259314f7d054,{topost},net: hns3: remove some redundant assignments
06d122659747,{topost},net: hns3: fix unused function warning in VF driver
90967acbfbef,{topost},net: hns3: modify hnae_ to hnae3_
bc8beb2c870d,{topost},net: hns3: use dma_zalloc_coherent instead of kzalloc/dma_map_single
9d58fe0eb1fc,{topost},net: hns3: give default option while dependency HNS3 set
ebf10911717a,{topost},net: hns3: remove some unused members of some structures
22da52ff19e7,{topost},net: hns3: remove a redundant hclge_cmd_csq_done
1e7f614a1728,{topost},net: hns3: use macro instead of magic number in hclge_is_special_opcode
f076d4bf8455,{topost},net: hns3: using modulo for cyclic counters in hclge_cmd_send
a000d3a4d1e5,{topost},net: hns3: simplify hclge_cmd_csq_clean
01fb8c42f474,{topost},net: hns3: remove some redundant assignments
278f321fa1dd,{topost},net: hns3: remove useless code in hclge_cmd_send
ea8b863cfb96,{topost},net: hns3: remove unused hclge_ring_to_dma_dir
caaaf3e48d28,{topost},net: hns3: use lower_32_bits and upper_32_bits
025536f5010a,{topost},net: hns3: remove back in struct hclge_hw
b865720d5620,{topost},net: hns3: add unlikely for error check
1e98c481b35b,{topost},net: hns3: remove the Redundant put_vector in hns3_client_uninit
a07c4cfdf07d,{topost},net: hns3: print the ret value in error information
9c91877fa95b,{topost},net: hns3: extraction an interface for state state init|uninit
8f44b3b71fa8,{topost},net: hns3: remove unused head file in hnae3.c
7392709aa431,{topost},net: hns3: add l4_type check for both ipv4 and ipv6
9c0644f39021,{topost},net: hns3: add vector status check before free vector
5d72dcded019,{topost},net: hns3: rename the interface for init_client_instance and uninit_client_instance
ec0c9c28ae4c,{topost},net: hns3: remove hclge_get_vector_index from hclge_bind_ring_with_vector
eeba47ca1345,{topost},net: hns3: optimize the VF's process of updating multicast MAC
e511088813a8,{topost},net: hns3: optimize the PF's process of updating multicast MAC
5f332f47af62,{topost},net: hns3: RX BD information valid only in last BD except VLD bit and buffer size
09832eede589,{topost},net: hns3: use eth_get_headlen instaed of hns3_nic_get_headlen
205d7c1bf363,{topost},net: hns3: fix for command format parsing error in hclge_is_all_function_id_zero
45f2ec9da418,{topost},net: hns3: add support for hns3_driver.sriov_configure
74eb8627a4af,{topost},net: hns3: fix for vxlan tx checksum bug
7949161f9c17,{topost},net: hns3: add missing break in misc_irq_handle
7193194d5f8e,{topost},net: hns3: fix for fiber link up problem
fa32a4509ada,{topost},net: hns3: fix for phy not link up problem after resetting
53847aa01993,{topost},net: hns3: fix for hclge_reset running repeatly problem
2d3b80c30c35,{topost},net: hns3: fix for service_task not running problem after resetting
bde93343625b,{topost},net: hns3: Fix setting mac address error
8a1c17764206,{topost},net: hns3: Add repeat address checking for setting mac address
b66e28272ea7,{topost},net: hns3: Support for back pressure setting When sriov is enabled
ecaf89e27085,{topost},net: hns3: fix for not calling pcim_iounmap problem in error handle of hclge_init_ae_dev
5971a31b5b26,{topost},net: hns3: change return value in hnae3_register_client
849a50c18c51,{topost},net: hns3: change return type of hnae3_register_ae_algo
ac734f4c7901,{topost},net: hns3: change return type of hnae3_register_ae_dev
b9c836c8ca4c,{topost},net: hns3: add a check for client instance init state
9bca507099d7,{topost},net: hns3: fix for the null pointer problem occurring when initializing ae_dev failed
629d696d1e6a,{topost},net: hns3: fix for not calling pcim_iounmap problem in hclge_pci_uninit
955fa425fc76,{topost},net: hns3: fix for deadlock problem occurring when unregistering ae_algo
0b34bb5ec09d,{topost},net: hns: optimize the process of adding broadcast addresses to tcam
dd80e216b4ce,{topost},net: hns3: add support for IFF_ALLMULTI flag
0bccac40ab2a,{topost},net: hns3: disable vf vlan filter when vf vlan table is full
3143512e3f30,{topost},net: hns: fix for unmapping problem when SMMU is on
cfa8f7460d9a Revert "{topost},hns: net: Fixes the TX DMA Map & Buffer submit leg with SMMU enabled"
e6d051e0d274,{topost},net: hns3: add support for serdes loopback selftest
88f037c7ee70,{topost},net: hns3: refactor the loopback related function
b461c32ed2e5,{topost},net: hns3: fix for cleaning ring problem
8c3f2ed8a0c1,{topost},net: hns3: remove add/del_tunnel_udp in hns3_enet module
f9a840b3bfff,{topost},net: hns3: Fix for setting mac address when resetting
6a62f10d86f8,{topost},net: hns3: add rx-vlan-offload feature for VF
d940ec574795,{topost},net: hns3: remove packet statistics in the range of 8192~12287
cc5f501fc7c1,{topost},net: hns3: Disable HW_VLAN_CTAG_FILTER in ndev->hw_features
9dba194574e3,{topost},net: hns3: fix for vlan table problem
bce39d7b7085,{topost},net: hns3: fix a dead loop in hclge_cmd_csq_clean
33d70c778ac1,{topost},net: hns3: add ethtool -A support for port not attached with phy
a9d54deae0bb,{topost},net: hns3: fix for phy_addr error in hclge_mac_mdio_config
9a84a94da8a8,{topost},net: hns3: handle errors while fail in hclge_init_ae_dev
7319965c4d7b,{topost},net: hns3: fix out of bounds access in hclge_map_tqp
5cd9955e0286,{topost},net: hns3: fix for getting outer l4 header error
6fc808743e04,{topost},net: hns3: Remove error log when getting pfc stats fails
750cee4ba4e3,{topost},net: hns3: never send command queue message to IMP when reset
a578ab98bbb4,{topost},net: hns3: add HCLGE_STATE_RST_HANDLING check when check the hw reset state
1fc5d700f961,{topost},net: hns3: fix for not initializing VF rss_hash_key problem
b90874077577,{topost},net: hns3: fix for the wrong shift problem in hns3_set_txbd_baseinfo
3b67823ec83c,{topost},net: hns3: fix for returning wrong value problem in hns3_get_rss_indir_size
fafbcb1638f9,{topost},net: hns3: fix for returning wrong value problem in hns3_get_rss_key_size
202389647467,{topost},net: hns3: fix for not returning problem in get_link_ksettings when phy exists
214659779395,{topost},net: hns3: add querying speed and duplex support to VF
8cd10ecdf083,{topost},net: hns3: add get_link support to VF
0adb6f89a728,{topost},net: hns3: fix for getting wrong link mode problem
38a56ba0827d,{topost},net: hns3: change the time interval of int_gl calculating
d92f4944e665,{topost},net: hns3: change GL update rate
a7a95d1390ff,{topost},net: hns3: increase the max time for IMP handle command
19999408de36,{topost},net: hns3: export pci table of hclge and hclgevf to userspace
c999418b426f,{topost},net: hns3: Fix for vlan table lost problem when resetting
9deec218c21d,{topost},net: hns3: fix the VF queue reset flow error
84f53a11982f,{topost},net: hns3: reallocate tx/rx buffer after changing mtu
74267c7063a5,{topost},net: hns3: add result checking for VF when modify unicast mac address
fa096ed1261a,{topost},net: hns3: add existence checking before adding unicast mac address
d93ebe340bf2,{topost},net: hns3: fix return value error of hclge_get_mac_vlan_cmd_status()
a5a16932d3be,{topost},net: hns3: fix error type definition of return value
c7f1f34a0610,{topost},net: hns3: add support for VF driver inner interface hclgevf_ops.get_tqps_and_rss_info
77f258788edc,{topost},net: hns3: set the max ring num when alloc netdev
c4f8d222ce01,{topost},net: hns3: fix the queue id for tqp enable&&reset
466830286ba4,{topost},net: hns3: Fix for buffer overflow smatch warning
f326b2a6add8,{topost},net: hns3: Fix for loopback failure when vlan filter is enable
115926419748,{topost},net: hns3: Fix for coal configuation lost when setting the channel
0314ab68812d,{topost},net: hns3: Refactor the coalesce related struct
d6980f1a0d9e,{topost},net: hns3: Fix for coalesce configuration lost during reset
a770eda84127,{topost},net: hns3: Refactor the get/put_vector function
99d01a4739bc,{topost},net: hns3: Fix for use-after-free when setting ring parameter
2668eb98f22b,{topost},net: hns3: Fix for pause configuration lost during reset
7b45f9fa142c,{topost},net: hns3: Fix for RSS configuration loss problem during reset
2432d88da792,{topost},net: hns3: Refactor the hclge_get/set_rss_tuple function
71673301fdad,{topost},net: hns3: Refactor the hclge_get/set_rss function
3877366c0818,{topost},hns: net: Fixes the TX DMA Map & Buffer submit leg with SMMU enabled
c7e5686e5ee3,{topost},net: hns3: Add support for querying pfc puase packets statistic
d00c01371589,{topost},net: hns3: fix rx path skb->truesize reporting bug
c2375abc412f,{topost},net: hns3: unify the pause params setup function
140ff93b93a8,{topost},net: hns3: fix for ipv6 address loss problem after setting channels
02aa645e5ed3,{topost},net: hns3: fix for netdev not running problem after calling net_stop and net_open
abd85d3ffb8f,{topost},net: hns3: fix endian issue when PF get mbx message flag
1e6741ee0321,{topost},net: hns: set the cmdq out_vld bit to 0 after used
b787f4725800,{topost},net: hns3: add existence check when remove old uc mac address
b1cf9d4292b4,{topost},net: hns3: VF should get the real rss_size instead of rss_size_max
744384543620,{topost},net: hns3: Add pf reset for hip08 RoCE
